mode: set
github.com/jwyattgh/pidchain/internal/canonical/canonical.go:43.46,44.26 1 1
github.com/jwyattgh/pidchain/internal/canonical/canonical.go:44.26,47.45 1 1
github.com/jwyattgh/pidchain/internal/canonical/canonical.go:47.45,49.4 1 1
github.com/jwyattgh/pidchain/internal/canonical/canonical.go:52.2,57.26 5 1
github.com/jwyattgh/pidchain/internal/canonical/canonical.go:57.26,65.3 7 1
github.com/jwyattgh/pidchain/internal/canonical/canonical.go:67.2,67.25 1 1
github.com/jwyattgh/pidchain/pidchain.go:45.43,47.56 2 1
github.com/jwyattgh/pidchain/pidchain.go:47.56,49.3 1 1
github.com/jwyattgh/pidchain/pidchain.go:51.2,52.26 2 1
github.com/jwyattgh/pidchain/pidchain.go:52.26,58.3 1 1
github.com/jwyattgh/pidchain/pidchain.go:59.2,60.17 2 1
github.com/jwyattgh/pidchain/pidchain.go:60.17,62.3 1 0
github.com/jwyattgh/pidchain/pidchain.go:63.2,64.40 2 1
github.com/jwyattgh/pidchain/pidchain.go:77.43,79.63 2 1
github.com/jwyattgh/pidchain/pidchain.go:79.63,81.3 1 1
github.com/jwyattgh/pidchain/pidchain.go:83.2,84.28 2 1
github.com/jwyattgh/pidchain/pidchain.go:84.28,93.3 1 1
github.com/jwyattgh/pidchain/pidchain.go:94.2,94.48 1 1
github.com/jwyattgh/pidchain/pidchain.go:94.48,96.3 1 0
github.com/jwyattgh/pidchain/pidchain.go:97.2,97.19 1 1
github.com/jwyattgh/pidchain/pidchain.go:100.42,101.9 1 1
github.com/jwyattgh/pidchain/pidchain.go:102.53,103.32 1 0
github.com/jwyattgh/pidchain/pidchain.go:104.45,105.24 1 1
github.com/jwyattgh/pidchain/pidchain.go:106.10,107.13 1 0
github.com/jwyattgh/pidchain/internal/walker/walker.go:54.42,59.28 4 1
github.com/jwyattgh/pidchain/internal/walker/walker.go:59.28,61.17 2 1
github.com/jwyattgh/pidchain/internal/walker/walker.go:61.17,62.23 1 1
github.com/jwyattgh/pidchain/internal/walker/walker.go:62.23,63.47 1 1
github.com/jwyattgh/pidchain/internal/walker/walker.go:63.47,65.6 1 1
github.com/jwyattgh/pidchain/internal/walker/walker.go:66.5,66.31 1 1
github.com/jwyattgh/pidchain/internal/walker/walker.go:70.4,70.21 1 1
github.com/jwyattgh/pidchain/internal/walker/walker.go:73.3,83.32 3 1
github.com/jwyattgh/pidchain/internal/walker/walker.go:83.32,85.4 1 1
github.com/jwyattgh/pidchain/internal/walker/walker.go:86.3,86.17 1 1
github.com/jwyattgh/pidchain/internal/walker/walker.go:89.2,89.35 1 1
github.com/jwyattgh/pidchain/internal/walker/walker_darwin.go:89.13,90.24 1 1
github.com/jwyattgh/pidchain/internal/walker/walker_darwin.go:90.24,90.51 1 0
github.com/jwyattgh/pidchain/internal/walker/walker_darwin.go:99.60,102.18 3 1
github.com/jwyattgh/pidchain/internal/walker/walker_darwin.go:102.18,104.3 1 1
github.com/jwyattgh/pidchain/internal/walker/walker_darwin.go:105.2,110.37 5 1
github.com/jwyattgh/pidchain/internal/walker/walker_darwin.go:110.37,112.3 1 0
github.com/jwyattgh/pidchain/internal/walker/walker_darwin.go:113.2,113.37 1 1
github.com/jwyattgh/pidchain/internal/walker/walker_darwin.go:121.70,122.16 1 1
github.com/jwyattgh/pidchain/internal/walker/walker_darwin.go:122.16,124.3 1 1
github.com/jwyattgh/pidchain/internal/walker/walker_darwin.go:125.2,129.73 4 1
github.com/jwyattgh/pidchain/internal/walker/walker_darwin.go:129.73,131.3 1 1
github.com/jwyattgh/pidchain/internal/walker/walker_darwin.go:133.2,134.18 2 1
github.com/jwyattgh/pidchain/internal/walker/walker_darwin.go:134.18,137.3 2 0
github.com/jwyattgh/pidchain/internal/walker/walker_darwin.go:138.2,138.20 1 1
github.com/jwyattgh/pidchain/internal/walker/walker_darwin.go:138.20,141.3 2 1
github.com/jwyattgh/pidchain/internal/walker/walker_darwin.go:142.2,142.18 1 1
github.com/jwyattgh/pidchain/internal/walker/walker_darwin.go:142.18,145.3 2 1
github.com/jwyattgh/pidchain/internal/walker/walker_darwin.go:146.2,146.27 1 1
